<?xml version="1.0" encoding="UTF-8"?>
<!-- Generated by org.testng.reporters.JUnitReportReporter -->
<testsuite hostname="DESKTOP-BU44OGD" failures="0" tests="1" name="LoginTests.B_comparisonTC" time="0.008" errors="0" timestamp="27 Sep 2021 06:43:38 GMT" skipped="0">
  <testcase classname="LoginTests.B_comparisonTC" name="checkComparison" time="0.008"/>
</testsuite> <!-- LoginTests.B_comparisonTC -->
