<?xml version="1.0" encoding="UTF-8"?>
<!-- Generated by org.testng.reporters.JUnitReportReporter -->
<testsuite hostname="DESKTOP-BU44OGD" failures="0" tests="1" name="LoginTests.D_LoginAuth" time="6.987" errors="0" timestamp="27 Sep 2021 06:43:38 GMT" skipped="0">
  <testcase classname="LoginTests.D_LoginAuth" name="doLogin" time="6.987"/>
</testsuite> <!-- LoginTests.D_LoginAuth -->
