<?xml version="1.0" encoding="UTF-8"?>
<!-- Generated by org.testng.reporters.JUnitReportReporter -->
<testsuite hostname="DESKTOP-BU44OGD" failures="0" tests="2" name="LoginTests.A_test" time="0.042" errors="0" timestamp="27 Sep 2021 06:43:38 GMT" skipped="0">
  <testcase classname="LoginTests.A_test" name="validLoginTest" time="0.006"/>
  <testcase classname="LoginTests.A_test" name="invalidLoginTest" time="0.036"/>
</testsuite> <!-- LoginTests.A_test -->
