<?xml version="1.0" encoding="UTF-8"?>
<!-- Generated by org.testng.reporters.JUnitReportReporter -->
<testsuite skipped="0" hostname="DESKTOP-BU44OGD" name="LoginTests.B_comparisonTC" tests="1" failures="0" timestamp="27 Sep 2021 06:51:41 GMT" time="0.007" errors="0">
  <testcase name="checkComparison" time="0.007" classname="LoginTests.B_comparisonTC"/>
</testsuite> <!-- LoginTests.B_comparisonTC -->
