<?xml version="1.0" encoding="UTF-8"?>
<!-- Generated by org.testng.reporters.JUnitReportReporter -->
<testsuite skipped="0" hostname="DESKTOP-BU44OGD" name="LoginTests.D_LoginAuth" tests="1" failures="0" timestamp="27 Sep 2021 06:51:41 GMT" time="5.172" errors="0">
  <testcase name="doLogin" time="5.172" classname="LoginTests.D_LoginAuth"/>
</testsuite> <!-- LoginTests.D_LoginAuth -->
