<?xml version="1.0" encoding="UTF-8"?>
<!-- Generated by org.testng.reporters.JUnitReportReporter -->
<testsuite skipped="0" hostname="DESKTOP-BU44OGD" name="LoginTests.A_test" tests="2" failures="0" timestamp="27 Sep 2021 06:51:41 GMT" time="0.025" errors="0">
  <testcase name="validLoginTest" time="0.001" classname="LoginTests.A_test"/>
  <testcase name="invalidLoginTest" time="0.024" classname="LoginTests.A_test"/>
</testsuite> <!-- LoginTests.A_test -->
